<?xml version="1.0" encoding="UTF-8"?>
<testsuite xmlns:xsi="http://www.w3.org/2001/XMLSchema-instance" xsi:noNamespaceSchemaLocation="https://maven.apache.org/surefire/maven-surefire-plugin/xsd/surefire-test-report.xsd" name="com.van589.MoocWebApiApplicationTests" time="2.014" tests="1" errors="1" skipped="0" failures="0">
  <properties>
    <property name="sun.desktop" value="windows"/>
    <property name="awt.toolkit" value="sun.awt.windows.WToolkit"/>
    <property name="file.encoding.pkg" value="sun.io"/>
    <property name="java.specification.version" value="1.8"/>
    <property name="sun.cpu.isalist" value="amd64"/>
    <property name="sun.jnu.encoding" value="GBK"/>
    <property name="java.class.path" value="C:\Users\hasee\Desktop\大创\education\mooc-web-ui\target\test-classes;C:\Users\hasee\Desktop\大创\education\mooc-web-ui\target\classes;C:\Users\hasee\Desktop\大创\education\mooc-commons\target\mooc-commons-1.0.0-SNAPSHOT.jar;F:\apache-maven-3.2.2\repository\org\apache\commons\commons-lang3\3.5\commons-lang3-3.5.jar;F:\apache-maven-3.2.2\repository\commons-fileupload\commons-fileupload\1.3.2\commons-fileupload-1.3.2.jar;F:\apache-maven-3.2.2\repository\commons-io\commons-io\2.2\commons-io-2.2.jar;F:\apache-maven-3.2.2\repository\org\apache\commons\commons-email\1.5\commons-email-1.5.jar;F:\apache-maven-3.2.2\repository\com\sun\mail\javax.mail\1.5.6\javax.mail-1.5.6.jar;F:\apache-maven-3.2.2\repository\javax\activation\activation\1.1\activation-1.1.jar;F:\apache-maven-3.2.2\repository\org\apache\httpcomponents\httpclient\4.5.5\httpclient-4.5.5.jar;F:\apache-maven-3.2.2\repository\org\apache\httpcomponents\httpcore\4.4.13\httpcore-4.4.13.jar;F:\apache-maven-3.2.2\repository\commons-logging\commons-logging\1.2\commons-logging-1.2.jar;F:\apache-maven-3.2.2\repository\commons-codec\commons-codec\1.13\commons-codec-1.13.jar;F:\apache-maven-3.2.2\repository\org\apache\httpcomponents\fluent-hc\4.5.5\fluent-hc-4.5.5.jar;F:\apache-maven-3.2.2\repository\org\apache\httpcomponents\httpmime\4.5.5\httpmime-4.5.5.jar;F:\apache-maven-3.2.2\repository\tk\mybatis\mapper-spring-boot-starter\2.0.2\mapper-spring-boot-starter-2.0.2.jar;F:\apache-maven-3.2.2\repository\org\springframework\boot\spring-boot-starter-jdbc\2.2.4.RELEASE\spring-boot-starter-jdbc-2.2.4.RELEASE.jar;F:\apache-maven-3.2.2\repository\com\zaxxer\HikariCP\3.4.2\HikariCP-3.4.2.jar;F:\apache-maven-3.2.2\repository\org\springframework\spring-jdbc\5.2.3.RELEASE\spring-jdbc-5.2.3.RELEASE.jar;F:\apache-maven-3.2.2\repository\org\springframework\spring-tx\5.2.3.RELEASE\spring-tx-5.2.3.RELEASE.jar;F:\apache-maven-3.2.2\repository\org\mybatis\mybatis\3.4.6\mybatis-3.4.6.jar;F:\apache-maven-3.2.2\repository\org\mybatis\mybatis-spring\1.3.2\mybatis-spring-1.3.2.jar;F:\apache-maven-3.2.2\repository\tk\mybatis\mapper-core\1.0.2\mapper-core-1.0.2.jar;F:\apache-maven-3.2.2\repository\javax\persistence\persistence-api\1.0\persistence-api-1.0.jar;F:\apache-maven-3.2.2\repository\tk\mybatis\mapper-base\1.0.1\mapper-base-1.0.1.jar;F:\apache-maven-3.2.2\repository\tk\mybatis\mapper-weekend\1.1.3\mapper-weekend-1.1.3.jar;F:\apache-maven-3.2.2\repository\tk\mybatis\mapper-spring\1.0.1\mapper-spring-1.0.1.jar;F:\apache-maven-3.2.2\repository\tk\mybatis\mapper-extra\1.0.1\mapper-extra-1.0.1.jar;F:\apache-maven-3.2.2\repository\tk\mybatis\mapper-spring-boot-autoconfigure\2.0.2\mapper-spring-boot-autoconfigure-2.0.2.jar;F:\apache-maven-3.2.2\repository\org\springframework\boot\spring-boot-starter\2.2.4.RELEASE\spring-boot-starter-2.2.4.RELEASE.jar;F:\apache-maven-3.2.2\repository\org\springframework\boot\spring-boot\2.2.4.RELEASE\spring-boot-2.2.4.RELEASE.jar;F:\apache-maven-3.2.2\repository\org\springframework\spring-context\5.2.3.RELEASE\spring-context-5.2.3.RELEASE.jar;F:\apache-maven-3.2.2\repository\org\springframework\boot\spring-boot-autoconfigure\2.2.4.RELEASE\spring-boot-autoconfigure-2.2.4.RELEASE.jar;F:\apache-maven-3.2.2\repository\org\springframework\boot\spring-boot-starter-logging\2.2.4.RELEASE\spring-boot-starter-logging-2.2.4.RELEASE.jar;F:\apache-maven-3.2.2\repository\ch\qos\logback\logback-classic\1.2.3\logback-classic-1.2.3.jar;F:\apache-maven-3.2.2\repository\ch\qos\logback\logback-core\1.2.3\logback-core-1.2.3.jar;F:\apache-maven-3.2.2\repository\org\apache\logging\log4j\log4j-to-slf4j\2.12.1\log4j-to-slf4j-2.12.1.jar;F:\apache-maven-3.2.2\repository\org\apache\logging\log4j\log4j-api\2.12.1\log4j-api-2.12.1.jar;F:\apache-maven-3.2.2\repository\org\slf4j\jul-to-slf4j\1.7.30\jul-to-slf4j-1.7.30.jar;F:\apache-maven-3.2.2\repository\jakarta\annotation\jakarta.annotation-api\1.3.5\jakarta.annotation-api-1.3.5.jar;F:\apache-maven-3.2.2\repository\org\springframework\spring-core\5.2.3.RELEASE\spring-core-5.2.3.RELEASE.jar;F:\apache-maven-3.2.2\repository\org\springframework\spring-jcl\5.2.3.RELEASE\spring-jcl-5.2.3.RELEASE.jar;F:\apache-maven-3.2.2\repository\org\yaml\snakeyaml\1.25\snakeyaml-1.25.jar;F:\apache-maven-3.2.2\repository\org\springframework\boot\spring-boot-starter-web\2.2.4.RELEASE\spring-boot-starter-web-2.2.4.RELEASE.jar;F:\apache-maven-3.2.2\repository\org\springframework\boot\spring-boot-starter-json\2.2.4.RELEASE\spring-boot-starter-json-2.2.4.RELEASE.jar;F:\apache-maven-3.2.2\repository\com\fasterxml\jackson\core\jackson-databind\2.10.2\jackson-databind-2.10.2.jar;F:\apache-maven-3.2.2\repository\com\fasterxml\jackson\core\jackson-annotations\2.10.2\jackson-annotations-2.10.2.jar;F:\apache-maven-3.2.2\repository\com\fasterxml\jackson\core\jackson-core\2.10.2\jackson-core-2.10.2.jar;F:\apache-maven-3.2.2\repository\com\fasterxml\jackson\datatype\jackson-datatype-jdk8\2.10.2\jackson-datatype-jdk8-2.10.2.jar;F:\apache-maven-3.2.2\repository\com\fasterxml\jackson\datatype\jackson-datatype-jsr310\2.10.2\jackson-datatype-jsr310-2.10.2.jar;F:\apache-maven-3.2.2\repository\com\fasterxml\jackson\module\jackson-module-parameter-names\2.10.2\jackson-module-parameter-names-2.10.2.jar;F:\apache-maven-3.2.2\repository\org\springframework\boot\spring-boot-starter-tomcat\2.2.4.RELEASE\spring-boot-starter-tomcat-2.2.4.RELEASE.jar;F:\apache-maven-3.2.2\repository\org\apache\tomcat\embed\tomcat-embed-core\9.0.30\tomcat-embed-core-9.0.30.jar;F:\apache-maven-3.2.2\repository\org\apache\tomcat\embed\tomcat-embed-el\9.0.30\tomcat-embed-el-9.0.30.jar;F:\apache-maven-3.2.2\repository\org\apache\tomcat\embed\tomcat-embed-websocket\9.0.30\tomcat-embed-websocket-9.0.30.jar;F:\apache-maven-3.2.2\repository\org\springframework\boot\spring-boot-starter-validation\2.2.4.RELEASE\spring-boot-starter-validation-2.2.4.RELEASE.jar;F:\apache-maven-3.2.2\repository\jakarta\validation\jakarta.validation-api\2.0.2\jakarta.validation-api-2.0.2.jar;F:\apache-maven-3.2.2\repository\org\hibernate\validator\hibernate-validator\6.0.18.Final\hibernate-validator-6.0.18.Final.jar;F:\apache-maven-3.2.2\repository\org\jboss\logging\jboss-logging\3.4.1.Final\jboss-logging-3.4.1.Final.jar;F:\apache-maven-3.2.2\repository\com\fasterxml\classmate\1.5.1\classmate-1.5.1.jar;F:\apache-maven-3.2.2\repository\org\springframework\spring-web\5.2.3.RELEASE\spring-web-5.2.3.RELEASE.jar;F:\apache-maven-3.2.2\repository\org\springframework\spring-beans\5.2.3.RELEASE\spring-beans-5.2.3.RELEASE.jar;F:\apache-maven-3.2.2\repository\org\springframework\spring-webmvc\5.2.3.RELEASE\spring-webmvc-5.2.3.RELEASE.jar;F:\apache-maven-3.2.2\repository\org\springframework\spring-aop\5.2.3.RELEASE\spring-aop-5.2.3.RELEASE.jar;F:\apache-maven-3.2.2\repository\org\springframework\spring-expression\5.2.3.RELEASE\spring-expression-5.2.3.RELEASE.jar;F:\apache-maven-3.2.2\repository\org\springframework\boot\spring-boot-starter-thymeleaf\2.2.4.RELEASE\spring-boot-starter-thymeleaf-2.2.4.RELEASE.jar;F:\apache-maven-3.2.2\repository\org\thymeleaf\thymeleaf-spring5\3.0.11.RELEASE\thymeleaf-spring5-3.0.11.RELEASE.jar;F:\apache-maven-3.2.2\repository\org\thymeleaf\thymeleaf\3.0.11.RELEASE\thymeleaf-3.0.11.RELEASE.jar;F:\apache-maven-3.2.2\repository\org\attoparser\attoparser\2.0.5.RELEASE\attoparser-2.0.5.RELEASE.jar;F:\apache-maven-3.2.2\repository\org\unbescape\unbescape\1.1.6.RELEASE\unbescape-1.1.6.RELEASE.jar;F:\apache-maven-3.2.2\repository\org\slf4j\slf4j-api\1.7.30\slf4j-api-1.7.30.jar;F:\apache-maven-3.2.2\repository\org\thymeleaf\extras\thymeleaf-extras-java8time\3.0.4.RELEASE\thymeleaf-extras-java8time-3.0.4.RELEASE.jar;F:\apache-maven-3.2.2\repository\org\springframework\boot\spring-boot-starter-test\2.2.4.RELEASE\spring-boot-starter-test-2.2.4.RELEASE.jar;F:\apache-maven-3.2.2\repository\org\springframework\boot\spring-boot-test\2.2.4.RELEASE\spring-boot-test-2.2.4.RELEASE.jar;F:\apache-maven-3.2.2\repository\org\springframework\boot\spring-boot-test-autoconfigure\2.2.4.RELEASE\spring-boot-test-autoconfigure-2.2.4.RELEASE.jar;F:\apache-maven-3.2.2\repository\com\jayway\jsonpath\json-path\2.4.0\json-path-2.4.0.jar;F:\apache-maven-3.2.2\repository\net\minidev\json-smart\2.3\json-smart-2.3.jar;F:\apache-maven-3.2.2\repository\net\minidev\accessors-smart\1.2\accessors-smart-1.2.jar;F:\apache-maven-3.2.2\repository\org\ow2\asm\asm\5.0.4\asm-5.0.4.jar;F:\apache-maven-3.2.2\repository\jakarta\xml\bind\jakarta.xml.bind-api\2.3.2\jakarta.xml.bind-api-2.3.2.jar;F:\apache-maven-3.2.2\repository\jakarta\activation\jakarta.activation-api\1.2.1\jakarta.activation-api-1.2.1.jar;F:\apache-maven-3.2.2\repository\org\junit\jupiter\junit-jupiter\5.5.2\junit-jupiter-5.5.2.jar;F:\apache-maven-3.2.2\repository\org\junit\jupiter\junit-jupiter-api\5.5.2\junit-jupiter-api-5.5.2.jar;F:\apache-maven-3.2.2\repository\org\apiguardian\apiguardian-api\1.1.0\apiguardian-api-1.1.0.jar;F:\apache-maven-3.2.2\repository\org\opentest4j\opentest4j\1.2.0\opentest4j-1.2.0.jar;F:\apache-maven-3.2.2\repository\org\junit\platform\junit-platform-commons\1.5.2\junit-platform-commons-1.5.2.jar;F:\apache-maven-3.2.2\repository\org\junit\jupiter\junit-jupiter-params\5.5.2\junit-jupiter-params-5.5.2.jar;F:\apache-maven-3.2.2\repository\org\junit\jupiter\junit-jupiter-engine\5.5.2\junit-jupiter-engine-5.5.2.jar;F:\apache-maven-3.2.2\repository\org\junit\platform\junit-platform-engine\1.5.2\junit-platform-engine-1.5.2.jar;F:\apache-maven-3.2.2\repository\org\mockito\mockito-junit-jupiter\3.1.0\mockito-junit-jupiter-3.1.0.jar;F:\apache-maven-3.2.2\repository\org\assertj\assertj-core\3.13.2\assertj-core-3.13.2.jar;F:\apache-maven-3.2.2\repository\org\hamcrest\hamcrest\2.1\hamcrest-2.1.jar;F:\apache-maven-3.2.2\repository\org\mockito\mockito-core\3.1.0\mockito-core-3.1.0.jar;F:\apache-maven-3.2.2\repository\net\bytebuddy\byte-buddy\1.10.6\byte-buddy-1.10.6.jar;F:\apache-maven-3.2.2\repository\net\bytebuddy\byte-buddy-agent\1.10.6\byte-buddy-agent-1.10.6.jar;F:\apache-maven-3.2.2\repository\org\objenesis\objenesis\2.6\objenesis-2.6.jar;F:\apache-maven-3.2.2\repository\org\skyscreamer\jsonassert\1.5.0\jsonassert-1.5.0.jar;F:\apache-maven-3.2.2\repository\com\vaadin\external\google\android-json\0.0.20131108.vaadin1\android-json-0.0.20131108.vaadin1.jar;F:\apache-maven-3.2.2\repository\org\springframework\spring-test\5.2.3.RELEASE\spring-test-5.2.3.RELEASE.jar;F:\apache-maven-3.2.2\repository\org\xmlunit\xmlunit-core\2.6.3\xmlunit-core-2.6.3.jar;F:\apache-maven-3.2.2\repository\org\projectlombok\lombok\1.16.18\lombok-1.16.18.jar;F:\apache-maven-3.2.2\repository\net\sourceforge\nekohtml\nekohtml\1.9.22\nekohtml-1.9.22.jar;F:\apache-maven-3.2.2\repository\xerces\xercesImpl\2.11.0\xercesImpl-2.11.0.jar;F:\apache-maven-3.2.2\repository\xml-apis\xml-apis\1.4.01\xml-apis-1.4.01.jar;"/>
    <property name="java.vm.vendor" value="Oracle Corporation"/>
    <property name="sun.arch.data.model" value="64"/>
    <property name="user.variant" value=""/>
    <property name="java.vendor.url" value="http://java.oracle.com/"/>
    <property name="user.timezone" value="Asia/Shanghai"/>
    <property name="java.vm.specification.version" value="1.8"/>
    <property name="os.name" value="Windows 10"/>
    <property name="user.country" value="CN"/>
    <property name="sun.java.launcher" value="SUN_STANDARD"/>
    <property name="sun.boot.library.path" value="C:\Program Files\Java\jdk1.8.0_131\jre\bin"/>
    <property name="sun.java.command" value="C:\Users\hasee\AppData\Local\Temp\surefire4773489289154204926\surefirebooter6556816702459108181.jar C:\Users\hasee\AppData\Local\Temp\surefire4773489289154204926 2020-03-15T00-51-32_647-jvmRun1 surefire5988770407829596216tmp surefire_25094078656649663336tmp"/>
    <property name="surefire.test.class.path" value="C:\Users\hasee\Desktop\大创\education\mooc-web-ui\target\test-classes;C:\Users\hasee\Desktop\大创\education\mooc-web-ui\target\classes;C:\Users\hasee\Desktop\大创\education\mooc-commons\target\mooc-commons-1.0.0-SNAPSHOT.jar;F:\apache-maven-3.2.2\repository\org\apache\commons\commons-lang3\3.5\commons-lang3-3.5.jar;F:\apache-maven-3.2.2\repository\commons-fileupload\commons-fileupload\1.3.2\commons-fileupload-1.3.2.jar;F:\apache-maven-3.2.2\repository\commons-io\commons-io\2.2\commons-io-2.2.jar;F:\apache-maven-3.2.2\repository\org\apache\commons\commons-email\1.5\commons-email-1.5.jar;F:\apache-maven-3.2.2\repository\com\sun\mail\javax.mail\1.5.6\javax.mail-1.5.6.jar;F:\apache-maven-3.2.2\repository\javax\activation\activation\1.1\activation-1.1.jar;F:\apache-maven-3.2.2\repository\org\apache\httpcomponents\httpclient\4.5.5\httpclient-4.5.5.jar;F:\apache-maven-3.2.2\repository\org\apache\httpcomponents\httpcore\4.4.13\httpcore-4.4.13.jar;F:\apache-maven-3.2.2\repository\commons-logging\commons-logging\1.2\commons-logging-1.2.jar;F:\apache-maven-3.2.2\repository\commons-codec\commons-codec\1.13\commons-codec-1.13.jar;F:\apache-maven-3.2.2\repository\org\apache\httpcomponents\fluent-hc\4.5.5\fluent-hc-4.5.5.jar;F:\apache-maven-3.2.2\repository\org\apache\httpcomponents\httpmime\4.5.5\httpmime-4.5.5.jar;F:\apache-maven-3.2.2\repository\tk\mybatis\mapper-spring-boot-starter\2.0.2\mapper-spring-boot-starter-2.0.2.jar;F:\apache-maven-3.2.2\repository\org\springframework\boot\spring-boot-starter-jdbc\2.2.4.RELEASE\spring-boot-starter-jdbc-2.2.4.RELEASE.jar;F:\apache-maven-3.2.2\repository\com\zaxxer\HikariCP\3.4.2\HikariCP-3.4.2.jar;F:\apache-maven-3.2.2\repository\org\springframework\spring-jdbc\5.2.3.RELEASE\spring-jdbc-5.2.3.RELEASE.jar;F:\apache-maven-3.2.2\repository\org\springframework\spring-tx\5.2.3.RELEASE\spring-tx-5.2.3.RELEASE.jar;F:\apache-maven-3.2.2\repository\org\mybatis\mybatis\3.4.6\mybatis-3.4.6.jar;F:\apache-maven-3.2.2\repository\org\mybatis\mybatis-spring\1.3.2\mybatis-spring-1.3.2.jar;F:\apache-maven-3.2.2\repository\tk\mybatis\mapper-core\1.0.2\mapper-core-1.0.2.jar;F:\apache-maven-3.2.2\repository\javax\persistence\persistence-api\1.0\persistence-api-1.0.jar;F:\apache-maven-3.2.2\repository\tk\mybatis\mapper-base\1.0.1\mapper-base-1.0.1.jar;F:\apache-maven-3.2.2\repository\tk\mybatis\mapper-weekend\1.1.3\mapper-weekend-1.1.3.jar;F:\apache-maven-3.2.2\repository\tk\mybatis\mapper-spring\1.0.1\mapper-spring-1.0.1.jar;F:\apache-maven-3.2.2\repository\tk\mybatis\mapper-extra\1.0.1\mapper-extra-1.0.1.jar;F:\apache-maven-3.2.2\repository\tk\mybatis\mapper-spring-boot-autoconfigure\2.0.2\mapper-spring-boot-autoconfigure-2.0.2.jar;F:\apache-maven-3.2.2\repository\org\springframework\boot\spring-boot-starter\2.2.4.RELEASE\spring-boot-starter-2.2.4.RELEASE.jar;F:\apache-maven-3.2.2\repository\org\springframework\boot\spring-boot\2.2.4.RELEASE\spring-boot-2.2.4.RELEASE.jar;F:\apache-maven-3.2.2\repository\org\springframework\spring-context\5.2.3.RELEASE\spring-context-5.2.3.RELEASE.jar;F:\apache-maven-3.2.2\repository\org\springframework\boot\spring-boot-autoconfigure\2.2.4.RELEASE\spring-boot-autoconfigure-2.2.4.RELEASE.jar;F:\apache-maven-3.2.2\repository\org\springframework\boot\spring-boot-starter-logging\2.2.4.RELEASE\spring-boot-starter-logging-2.2.4.RELEASE.jar;F:\apache-maven-3.2.2\repository\ch\qos\logback\logback-classic\1.2.3\logback-classic-1.2.3.jar;F:\apache-maven-3.2.2\repository\ch\qos\logback\logback-core\1.2.3\logback-core-1.2.3.jar;F:\apache-maven-3.2.2\repository\org\apache\logging\log4j\log4j-to-slf4j\2.12.1\log4j-to-slf4j-2.12.1.jar;F:\apache-maven-3.2.2\repository\org\apache\logging\log4j\log4j-api\2.12.1\log4j-api-2.12.1.jar;F:\apache-maven-3.2.2\repository\org\slf4j\jul-to-slf4j\1.7.30\jul-to-slf4j-1.7.30.jar;F:\apache-maven-3.2.2\repository\jakarta\annotation\jakarta.annotation-api\1.3.5\jakarta.annotation-api-1.3.5.jar;F:\apache-maven-3.2.2\repository\org\springframework\spring-core\5.2.3.RELEASE\spring-core-5.2.3.RELEASE.jar;F:\apache-maven-3.2.2\repository\org\springframework\spring-jcl\5.2.3.RELEASE\spring-jcl-5.2.3.RELEASE.jar;F:\apache-maven-3.2.2\repository\org\yaml\snakeyaml\1.25\snakeyaml-1.25.jar;F:\apache-maven-3.2.2\repository\org\springframework\boot\spring-boot-starter-web\2.2.4.RELEASE\spring-boot-starter-web-2.2.4.RELEASE.jar;F:\apache-maven-3.2.2\repository\org\springframework\boot\spring-boot-starter-json\2.2.4.RELEASE\spring-boot-starter-json-2.2.4.RELEASE.jar;F:\apache-maven-3.2.2\repository\com\fasterxml\jackson\core\jackson-databind\2.10.2\jackson-databind-2.10.2.jar;F:\apache-maven-3.2.2\repository\com\fasterxml\jackson\core\jackson-annotations\2.10.2\jackson-annotations-2.10.2.jar;F:\apache-maven-3.2.2\repository\com\fasterxml\jackson\core\jackson-core\2.10.2\jackson-core-2.10.2.jar;F:\apache-maven-3.2.2\repository\com\fasterxml\jackson\datatype\jackson-datatype-jdk8\2.10.2\jackson-datatype-jdk8-2.10.2.jar;F:\apache-maven-3.2.2\repository\com\fasterxml\jackson\datatype\jackson-datatype-jsr310\2.10.2\jackson-datatype-jsr310-2.10.2.jar;F:\apache-maven-3.2.2\repository\com\fasterxml\jackson\module\jackson-module-parameter-names\2.10.2\jackson-module-parameter-names-2.10.2.jar;F:\apache-maven-3.2.2\repository\org\springframework\boot\spring-boot-starter-tomcat\2.2.4.RELEASE\spring-boot-starter-tomcat-2.2.4.RELEASE.jar;F:\apache-maven-3.2.2\repository\org\apache\tomcat\embed\tomcat-embed-core\9.0.30\tomcat-embed-core-9.0.30.jar;F:\apache-maven-3.2.2\repository\org\apache\tomcat\embed\tomcat-embed-el\9.0.30\tomcat-embed-el-9.0.30.jar;F:\apache-maven-3.2.2\repository\org\apache\tomcat\embed\tomcat-embed-websocket\9.0.30\tomcat-embed-websocket-9.0.30.jar;F:\apache-maven-3.2.2\repository\org\springframework\boot\spring-boot-starter-validation\2.2.4.RELEASE\spring-boot-starter-validation-2.2.4.RELEASE.jar;F:\apache-maven-3.2.2\repository\jakarta\validation\jakarta.validation-api\2.0.2\jakarta.validation-api-2.0.2.jar;F:\apache-maven-3.2.2\repository\org\hibernate\validator\hibernate-validator\6.0.18.Final\hibernate-validator-6.0.18.Final.jar;F:\apache-maven-3.2.2\repository\org\jboss\logging\jboss-logging\3.4.1.Final\jboss-logging-3.4.1.Final.jar;F:\apache-maven-3.2.2\repository\com\fasterxml\classmate\1.5.1\classmate-1.5.1.jar;F:\apache-maven-3.2.2\repository\org\springframework\spring-web\5.2.3.RELEASE\spring-web-5.2.3.RELEASE.jar;F:\apache-maven-3.2.2\repository\org\springframework\spring-beans\5.2.3.RELEASE\spring-beans-5.2.3.RELEASE.jar;F:\apache-maven-3.2.2\repository\org\springframework\spring-webmvc\5.2.3.RELEASE\spring-webmvc-5.2.3.RELEASE.jar;F:\apache-maven-3.2.2\repository\org\springframework\spring-aop\5.2.3.RELEASE\spring-aop-5.2.3.RELEASE.jar;F:\apache-maven-3.2.2\repository\org\springframework\spring-expression\5.2.3.RELEASE\spring-expression-5.2.3.RELEASE.jar;F:\apache-maven-3.2.2\repository\org\springframework\boot\spring-boot-starter-thymeleaf\2.2.4.RELEASE\spring-boot-starter-thymeleaf-2.2.4.RELEASE.jar;F:\apache-maven-3.2.2\repository\org\thymeleaf\thymeleaf-spring5\3.0.11.RELEASE\thymeleaf-spring5-3.0.11.RELEASE.jar;F:\apache-maven-3.2.2\repository\org\thymeleaf\thymeleaf\3.0.11.RELEASE\thymeleaf-3.0.11.RELEASE.jar;F:\apache-maven-3.2.2\repository\org\attoparser\attoparser\2.0.5.RELEASE\attoparser-2.0.5.RELEASE.jar;F:\apache-maven-3.2.2\repository\org\unbescape\unbescape\1.1.6.RELEASE\unbescape-1.1.6.RELEASE.jar;F:\apache-maven-3.2.2\repository\org\slf4j\slf4j-api\1.7.30\slf4j-api-1.7.30.jar;F:\apache-maven-3.2.2\repository\org\thymeleaf\extras\thymeleaf-extras-java8time\3.0.4.RELEASE\thymeleaf-extras-java8time-3.0.4.RELEASE.jar;F:\apache-maven-3.2.2\repository\org\springframework\boot\spring-boot-starter-test\2.2.4.RELEASE\spring-boot-starter-test-2.2.4.RELEASE.jar;F:\apache-maven-3.2.2\repository\org\springframework\boot\spring-boot-test\2.2.4.RELEASE\spring-boot-test-2.2.4.RELEASE.jar;F:\apache-maven-3.2.2\repository\org\springframework\boot\spring-boot-test-autoconfigure\2.2.4.RELEASE\spring-boot-test-autoconfigure-2.2.4.RELEASE.jar;F:\apache-maven-3.2.2\repository\com\jayway\jsonpath\json-path\2.4.0\json-path-2.4.0.jar;F:\apache-maven-3.2.2\repository\net\minidev\json-smart\2.3\json-smart-2.3.jar;F:\apache-maven-3.2.2\repository\net\minidev\accessors-smart\1.2\accessors-smart-1.2.jar;F:\apache-maven-3.2.2\repository\org\ow2\asm\asm\5.0.4\asm-5.0.4.jar;F:\apache-maven-3.2.2\repository\jakarta\xml\bind\jakarta.xml.bind-api\2.3.2\jakarta.xml.bind-api-2.3.2.jar;F:\apache-maven-3.2.2\repository\jakarta\activation\jakarta.activation-api\1.2.1\jakarta.activation-api-1.2.1.jar;F:\apache-maven-3.2.2\repository\org\junit\jupiter\junit-jupiter\5.5.2\junit-jupiter-5.5.2.jar;F:\apache-maven-3.2.2\repository\org\junit\jupiter\junit-jupiter-api\5.5.2\junit-jupiter-api-5.5.2.jar;F:\apache-maven-3.2.2\repository\org\apiguardian\apiguardian-api\1.1.0\apiguardian-api-1.1.0.jar;F:\apache-maven-3.2.2\repository\org\opentest4j\opentest4j\1.2.0\opentest4j-1.2.0.jar;F:\apache-maven-3.2.2\repository\org\junit\platform\junit-platform-commons\1.5.2\junit-platform-commons-1.5.2.jar;F:\apache-maven-3.2.2\repository\org\junit\jupiter\junit-jupiter-params\5.5.2\junit-jupiter-params-5.5.2.jar;F:\apache-maven-3.2.2\repository\org\junit\jupiter\junit-jupiter-engine\5.5.2\junit-jupiter-engine-5.5.2.jar;F:\apache-maven-3.2.2\repository\org\junit\platform\junit-platform-engine\1.5.2\junit-platform-engine-1.5.2.jar;F:\apache-maven-3.2.2\repository\org\mockito\mockito-junit-jupiter\3.1.0\mockito-junit-jupiter-3.1.0.jar;F:\apache-maven-3.2.2\repository\org\assertj\assertj-core\3.13.2\assertj-core-3.13.2.jar;F:\apache-maven-3.2.2\repository\org\hamcrest\hamcrest\2.1\hamcrest-2.1.jar;F:\apache-maven-3.2.2\repository\org\mockito\mockito-core\3.1.0\mockito-core-3.1.0.jar;F:\apache-maven-3.2.2\repository\net\bytebuddy\byte-buddy\1.10.6\byte-buddy-1.10.6.jar;F:\apache-maven-3.2.2\repository\net\bytebuddy\byte-buddy-agent\1.10.6\byte-buddy-agent-1.10.6.jar;F:\apache-maven-3.2.2\repository\org\objenesis\objenesis\2.6\objenesis-2.6.jar;F:\apache-maven-3.2.2\repository\org\skyscreamer\jsonassert\1.5.0\jsonassert-1.5.0.jar;F:\apache-maven-3.2.2\repository\com\vaadin\external\google\android-json\0.0.20131108.vaadin1\android-json-0.0.20131108.vaadin1.jar;F:\apache-maven-3.2.2\repository\org\springframework\spring-test\5.2.3.RELEASE\spring-test-5.2.3.RELEASE.jar;F:\apache-maven-3.2.2\repository\org\xmlunit\xmlunit-core\2.6.3\xmlunit-core-2.6.3.jar;F:\apache-maven-3.2.2\repository\org\projectlombok\lombok\1.16.18\lombok-1.16.18.jar;F:\apache-maven-3.2.2\repository\net\sourceforge\nekohtml\nekohtml\1.9.22\nekohtml-1.9.22.jar;F:\apache-maven-3.2.2\repository\xerces\xercesImpl\2.11.0\xercesImpl-2.11.0.jar;F:\apache-maven-3.2.2\repository\xml-apis\xml-apis\1.4.01\xml-apis-1.4.01.jar;"/>
    <property name="sun.cpu.endian" value="little"/>
    <property name="user.home" value="C:\Users\hasee"/>
    <property name="user.language" value="zh"/>
    <property name="java.specification.vendor" value="Oracle Corporation"/>
    <property name="java.home" value="C:\Program Files\Java\jdk1.8.0_131\jre"/>
    <property name="basedir" value="C:\Users\hasee\Desktop\大创\education\mooc-web-ui"/>
    <property name="file.separator" value="\"/>
    <property name="line.separator" value="&#10;"/>
    <property name="java.vm.specification.vendor" value="Oracle Corporation"/>
    <property name="java.specification.name" value="Java Platform API Specification"/>
    <property name="java.awt.graphicsenv" value="sun.awt.Win32GraphicsEnvironment"/>
    <property name="surefire.real.class.path" value="C:\Users\hasee\AppData\Local\Temp\surefire4773489289154204926\surefirebooter6556816702459108181.jar"/>
    <property name="sun.boot.class.path" value="C:\Program Files\Java\jdk1.8.0_131\jre\lib\resources.jar;C:\Program Files\Java\jdk1.8.0_131\jre\lib\rt.jar;C:\Program Files\Java\jdk1.8.0_131\jre\lib\sunrsasign.jar;C:\Program Files\Java\jdk1.8.0_131\jre\lib\jsse.jar;C:\Program Files\Java\jdk1.8.0_131\jre\lib\jce.jar;C:\Program Files\Java\jdk1.8.0_131\jre\lib\charsets.jar;C:\Program Files\Java\jdk1.8.0_131\jre\lib\jfr.jar;C:\Program Files\Java\jdk1.8.0_131\jre\classes"/>
    <property name="user.script" value=""/>
    <property name="sun.management.compiler" value="HotSpot 64-Bit Tiered Compilers"/>
    <property name="java.runtime.version" value="1.8.0_131-b11"/>
    <property name="user.name" value="hasee"/>
    <property name="path.separator" value=";"/>
    <property name="os.version" value="10.0"/>
    <property name="java.endorsed.dirs" value="C:\Program Files\Java\jdk1.8.0_131\jre\lib\endorsed"/>
    <property name="java.runtime.name" value="Java(TM) SE Runtime Environment"/>
    <property name="file.encoding" value="GBK"/>
    <property name="java.vm.name" value="Java HotSpot(TM) 64-Bit Server VM"/>
    <property name="localRepository" value="F:\apache-maven-3.2.2\repository"/>
    <property name="java.vendor.url.bug" value="http://bugreport.sun.com/bugreport/"/>
    <property name="java.io.tmpdir" value="C:\Users\hasee\AppData\Local\Temp\"/>
    <property name="java.version" value="1.8.0_131"/>
    <property name="user.dir" value="C:\Users\hasee\Desktop\大创\education\mooc-web-ui"/>
    <property name="os.arch" value="amd64"/>
    <property name="java.vm.specification.name" value="Java Virtual Machine Specification"/>
    <property name="java.awt.printerjob" value="sun.awt.windows.WPrinterJob"/>
    <property name="sun.os.patch.level" value=""/>
    <property name="java.library.path" value="C:\Program Files\Java\jdk1.8.0_131\jre\bin;C:\WINDOWS\Sun\Java\bin;C:\WINDOWS\system32;C:\WINDOWS;F:\Xshell 6\;F:\Xftp 6\;C:\ProgramData\Oracle\Java\javapath;C:\Program Files (x86)\Intel\iCLS Client\;C:\Program Files\Intel\iCLS Client\;C:\Windows\system32;C:\Windows;C:\Windows\System32\Wbem;C:\Windows\System32\WindowsPowerShell\v1.0\;C:\Program Files (x86)\Intel\Intel(R) Management Engine Components\DAL;C:\Program Files\Intel\Intel(R) Management Engine Components\DAL;C:\Program Files (x86)\Intel\Intel(R) Management Engine Components\IPT;C:\Program Files\Intel\Intel(R) Management Engine Components\IPT;C:\Program Files\Intel\WiFi\bin\;C:\Program Files\Common Files\Intel\WirelessCommon\;C:\Program Files (x86)\Windows Kits\8.1\Windows Performance Toolkit\;C:\Program Files\Microsoft SQL Server\110\Tools\Binn\;C:\Program Files\Microsoft SQL Server\120\Tools\Binn\;C:\WINDOWS\system32;C:\WINDOWS;C:\WINDOWS\System32\Wbem;C:\WINDOWS\System32\WindowsPowerShell\v1.0\;C:\Program Files (x86)\NVIDIA Corporation\PhysX\Common;;&quot;;C:\Python27;C:\Python27\Scipts&quot;;F:\Tomcat 8.0\bin;C:\Program Files (x86)\GtkSharp\2.12\bin;C:\WINDOWS\System32\OpenSSH\;C:\Program Files\dotnet\;F:\AndroidSDK\Sqlite\sqlite-tools-win32-x86-3240000;F:\AndroidSDK\sdk\platform-tools;C:\Program Files\NVIDIA Corporation\NVIDIA NvDLISR;C:\WINDOWS\system32;C:\WINDOWS;C:\WINDOWS\System32\Wbem;C:\WINDOWS\System32\WindowsPowerShell\v1.0\;C:\WINDOWS\System32\OpenSSH\;C:\Program Files\nodejs\;F:\TortoiseGit\bin;F:\python开发工具\Scripts\;F:\python开发工具\;C:\Program Files\Java\jdk1.8.0_131\bin;C:\Program Files\Java\jdk1.8.0_131\jre\bin;C:\Users\hasee\AppData\Local\Microsoft\WindowsApps;F:\objective c\GNUstep\bin;F:\objective c\GNUstep\GNUstep\System\Tools;F:\apache-maven-3.2.2\bin;C:\Users\hasee\AppData\Local\GitHubDesktop\bin;C:\Users\hasee\AppData\Local\Microsoft\WindowsApps;F:\Microsoft VS Code\bin;F:\MySQL\mysql-8.0.18-winx64\bin;C:\Users\hasee\AppData\Roaming\npm;C:\Program Files\nodejs;;F:\IntelliJ IDEA 2019.3.2\bin;;."/>
    <property name="idea.version2019.3.2" value="true"/>
    <property name="java.vm.info" value="mixed mode"/>
    <property name="java.vendor" value="Oracle Corporation"/>
    <property name="java.vm.version" value="25.131-b11"/>
    <property name="java.ext.dirs" value="C:\Program Files\Java\jdk1.8.0_131\jre\lib\ext;C:\WINDOWS\Sun\Java\lib\ext"/>
    <property name="sun.io.unicode.encoding" value="UnicodeLittle"/>
    <property name="maven.repo.local" value="F:\apache-maven-3.2.2\repository"/>
    <property name="java.class.version" value="52.0"/>
  </properties>
  <testcase name="com.van589.MoocWebApiApplicationTests" classname="com.van589.MoocWebApiApplicationTests" time="2.01">
    <error message="Unable to find a @SpringBootConfiguration, you need to use @ContextConfiguration or @SpringBootTest(classes=...) with your test" type="java.lang.IllegalStateException">java.lang.IllegalStateException: Unable to find a @SpringBootConfiguration, you need to use @ContextConfiguration or @SpringBootTest(classes=...) with your test
</error>
    <system-out><![CDATA[00:53:45.619 [main] DEBUG org.springframework.test.context.BootstrapUtils - Instantiating CacheAwareContextLoaderDelegate from class [org.springframework.test.context.cache.DefaultCacheAwareContextLoaderDelegate]
00:53:45.715 [main] DEBUG org.springframework.test.context.BootstrapUtils - Instantiating BootstrapContext using constructor [public org.springframework.test.context.support.DefaultBootstrapContext(java.lang.Class,org.springframework.test.context.CacheAwareContextLoaderDelegate)]
00:53:45.884 [main] DEBUG org.springframework.test.context.BootstrapUtils - Instantiating TestContextBootstrapper for test class [com.van589.MoocWebApiApplicationTests] from class [org.springframework.boot.test.context.SpringBootTestContextBootstrapper]
00:53:46.054 [main] INFO org.springframework.boot.test.context.SpringBootTestContextBootstrapper - Neither @ContextConfiguration nor @ContextHierarchy found for test class [com.van589.MoocWebApiApplicationTests], using SpringBootContextLoader
00:53:46.073 [main] DEBUG org.springframework.test.context.support.AbstractContextLoader - Did not detect default resource location for test class [com.van589.MoocWebApiApplicationTests]: class path resource [com/van589/MoocWebApiApplicationTests-context.xml] does not exist
00:53:46.075 [main] DEBUG org.springframework.test.context.support.AbstractContextLoader - Did not detect default resource location for test class [com.van589.MoocWebApiApplicationTests]: class path resource [com/van589/MoocWebApiApplicationTestsContext.groovy] does not exist
00:53:46.075 [main] INFO org.springframework.test.context.support.AbstractContextLoader - Could not detect default resource locations for test class [com.van589.MoocWebApiApplicationTests]: no resource found for suffixes {-context.xml, Context.groovy}.
00:53:46.083 [main] INFO org.springframework.test.context.support.AnnotationConfigContextLoaderUtils - Could not detect default configuration classes for test class [com.van589.MoocWebApiApplicationTests]: MoocWebApiApplicationTests does not declare any static, non-private, non-final, nested classes annotated with @Configuration.
00:53:46.415 [main] DEBUG org.springframework.test.context.support.ActiveProfilesUtils - Could not find an 'annotation declaring class' for annotation type [org.springframework.test.context.ActiveProfiles] and class [com.van589.MoocWebApiApplicationTests]
00:53:46.893 [main] DEBUG org.springframework.test.context.BootstrapUtils - Instantiating CacheAwareContextLoaderDelegate from class [org.springframework.test.context.cache.DefaultCacheAwareContextLoaderDelegate]
00:53:46.895 [main] DEBUG org.springframework.test.context.BootstrapUtils - Instantiating BootstrapContext using constructor [public org.springframework.test.context.support.DefaultBootstrapContext(java.lang.Class,org.springframework.test.context.CacheAwareContextLoaderDelegate)]
00:53:46.897 [main] DEBUG org.springframework.test.context.BootstrapUtils - Instantiating TestContextBootstrapper for test class [com.van589.MoocWebApiApplicationTests] from class [org.springframework.boot.test.context.SpringBootTestContextBootstrapper]
00:53:46.902 [main] INFO org.springframework.boot.test.context.SpringBootTestContextBootstrapper - Neither @ContextConfiguration nor @ContextHierarchy found for test class [com.van589.MoocWebApiApplicationTests], using SpringBootContextLoader
00:53:46.905 [main] DEBUG org.springframework.test.context.support.AbstractContextLoader - Did not detect default resource location for test class [com.van589.MoocWebApiApplicationTests]: class path resource [com/van589/MoocWebApiApplicationTests-context.xml] does not exist
00:53:46.907 [main] DEBUG org.springframework.test.context.support.AbstractContextLoader - Did not detect default resource location for test class [com.van589.MoocWebApiApplicationTests]: class path resource [com/van589/MoocWebApiApplicationTestsContext.groovy] does not exist
00:53:46.910 [main] INFO org.springframework.test.context.support.AbstractContextLoader - Could not detect default resource locations for test class [com.van589.MoocWebApiApplicationTests]: no resource found for suffixes {-context.xml, Context.groovy}.
00:53:46.911 [main] INFO org.springframework.test.context.support.AnnotationConfigContextLoaderUtils - Could not detect default configuration classes for test class [com.van589.MoocWebApiApplicationTests]: MoocWebApiApplicationTests does not declare any static, non-private, non-final, nested classes annotated with @Configuration.
00:53:46.916 [main] DEBUG org.springframework.test.context.support.ActiveProfilesUtils - Could not find an 'annotation declaring class' for annotation type [org.springframework.test.context.ActiveProfiles] and class [com.van589.MoocWebApiApplicationTests]
00:53:47.011 [main] DEBUG org.springframework.test.context.BootstrapUtils - Instantiating CacheAwareContextLoaderDelegate from class [org.springframework.test.context.cache.DefaultCacheAwareContextLoaderDelegate]
00:53:47.012 [main] DEBUG org.springframework.test.context.BootstrapUtils - Instantiating BootstrapContext using constructor [public org.springframework.test.context.support.DefaultBootstrapContext(java.lang.Class,org.springframework.test.context.CacheAwareContextLoaderDelegate)]
00:53:47.017 [main] DEBUG org.springframework.test.context.BootstrapUtils - Instantiating TestContextBootstrapper for test class [com.van589.MoocWebApiApplicationTests] from class [org.springframework.boot.test.context.SpringBootTestContextBootstrapper]
00:53:47.023 [main] INFO org.springframework.boot.test.context.SpringBootTestContextBootstrapper - Neither @ContextConfiguration nor @ContextHierarchy found for test class [com.van589.MoocWebApiApplicationTests], using SpringBootContextLoader
00:53:47.025 [main] DEBUG org.springframework.test.context.support.AbstractContextLoader - Did not detect default resource location for test class [com.van589.MoocWebApiApplicationTests]: class path resource [com/van589/MoocWebApiApplicationTests-context.xml] does not exist
00:53:47.029 [main] DEBUG org.springframework.test.context.support.AbstractContextLoader - Did not detect default resource location for test class [com.van589.MoocWebApiApplicationTests]: class path resource [com/van589/MoocWebApiApplicationTestsContext.groovy] does not exist
00:53:47.030 [main] INFO org.springframework.test.context.support.AbstractContextLoader - Could not detect default resource locations for test class [com.van589.MoocWebApiApplicationTests]: no resource found for suffixes {-context.xml, Context.groovy}.
00:53:47.031 [main] INFO org.springframework.test.context.support.AnnotationConfigContextLoaderUtils - Could not detect default configuration classes for test class [com.van589.MoocWebApiApplicationTests]: MoocWebApiApplicationTests does not declare any static, non-private, non-final, nested classes annotated with @Configuration.
00:53:47.039 [main] DEBUG org.springframework.test.context.support.ActiveProfilesUtils - Could not find an 'annotation declaring class' for annotation type [org.springframework.test.context.ActiveProfiles] and class [com.van589.MoocWebApiApplicationTests]
]]></system-out>
  </testcase>
</testsuite>